<?xml version="1.0" encoding="UTF-8"?>
<testsuite name="application.TimeDifferenceTest" tests="1" skipped="0" failures="0" errors="0" timestamp="2015-09-10T05:15:43" hostname="SubbaRao" time="0.887">
  <properties/>
  <testcase name="testForMemoizedVersionIsFasterThanRecursiveVersion" classname="application.TimeDifferenceTest" time="0.887"/>
  <system-out><![CDATA[]]></system-out>
  <system-err><![CDATA[]]></system-err>
</testsuite>
