<?xml version="1.0" encoding="UTF-8"?>
<testsuite name="application.FibonacciRecursiveTest" tests="8" skipped="0" failures="0" errors="0" timestamp="2015-09-10T05:15:42" hostname="SubbaRao" time="0.808">
  <properties/>
  <testcase name="fibonacciRecursiveIsRecursive" classname="application.FibonacciRecursiveTest" time="0.801"/>
  <testcase name="canary" classname="application.FibonacciRecursiveTest" time="0.001"/>
  <testcase name="getFibonacciValueAtPositionFive" classname="application.FibonacciRecursiveTest" time="0.0"/>
  <testcase name="getFibonacciValueAtPositionZero" classname="application.FibonacciRecursiveTest" time="0.0"/>
  <testcase name="getFibonacciValueAtPositionOne" classname="application.FibonacciRecursiveTest" time="0.0"/>
  <testcase name="getFibonacciValueAtPositionTwo" classname="application.FibonacciRecursiveTest" time="0.0"/>
  <testcase name="forInvalidInput" classname="application.FibonacciRecursiveTest" time="0.0"/>
  <testcase name="getFibonacciValueAtPositionEight" classname="application.FibonacciRecursiveTest" time="0.0"/>
  <system-out><![CDATA[]]></system-out>
  <system-err><![CDATA[]]></system-err>
</testsuite>
